22:39:56.898 [main] INFO  c.d.SpringbootApiDemoApplication - [logStarting,55] - Starting SpringbootApiDemoApplication on DESKTOP-GA1KGN2 with PID 9984 (F:\idea-workspace\springboot-api-demo\target\classes started by 86150 in F:\idea-workspace\springboot-api-demo)
22:39:56.901 [main] INFO  c.d.SpringbootApiDemoApplication - [logStartupProfileInfo,651] - No active profile set, falling back to default profiles: default
22:39:58.157 [main] INFO  o.a.c.h.Http11NioProtocol - [log,173] - Initializing ProtocolHandler ["http-nio-80"]
22:39:58.158 [main] INFO  o.a.c.c.StandardService - [log,173] - Starting service [Tomcat]
22:39:58.158 [main] INFO  o.a.c.c.StandardEngine - [log,173] - Starting Servlet engine: [Apache Tomcat/9.0.33]
22:39:58.251 [main] INFO  o.a.c.c.C.[.[.[/] - [log,173] - Initializing Spring embedded WebApplicationContext
22:39:59.020 [main] INFO  o.a.c.h.Http11NioProtocol - [log,173] - Starting ProtocolHandler ["http-nio-80"]
22:39:59.045 [main] INFO  c.d.SpringbootApiDemoApplication - [logStarted,61] - Started SpringbootApiDemoApplication in 2.518 seconds (JVM running for 4.988)
22:40:16.258 [http-nio-80-exec-3] INFO  o.a.t.u.h.p.Cookie - [log,173] - A cookie header was received [1600259749,1600785882,1601302989; JSESSIONID=c6743070-39fc-4ccf-b743-101adc918182] that contained an invalid cookie. That cookie will be ignored.
 Note: further occurrences of this error will be logged at DEBUG level.
22:40:16.265 [http-nio-80-exec-3] INFO  o.a.c.c.C.[.[.[/] - [log,173] - Initializing Spring DispatcherServlet 'dispatcherServlet'
22:42:02.146 [main] INFO  c.d.SpringbootApiDemoApplication - [logStarting,55] - Starting SpringbootApiDemoApplication on DESKTOP-GA1KGN2 with PID 6028 (F:\idea-workspace\springboot-api-demo\target\classes started by 86150 in F:\idea-workspace\springboot-api-demo)
22:42:02.150 [main] INFO  c.d.SpringbootApiDemoApplication - [logStartupProfileInfo,651] - No active profile set, falling back to default profiles: default
22:42:03.203 [main] INFO  o.a.c.h.Http11NioProtocol - [log,173] - Initializing ProtocolHandler ["http-nio-80"]
22:42:03.203 [main] INFO  o.a.c.c.StandardService - [log,173] - Starting service [Tomcat]
22:42:03.203 [main] INFO  o.a.c.c.StandardEngine - [log,173] - Starting Servlet engine: [Apache Tomcat/9.0.33]
22:42:03.291 [main] INFO  o.a.c.c.C.[.[.[/] - [log,173] - Initializing Spring embedded WebApplicationContext
22:42:03.967 [main] INFO  o.a.c.h.Http11NioProtocol - [log,173] - Starting ProtocolHandler ["http-nio-80"]
22:42:03.991 [main] INFO  c.d.SpringbootApiDemoApplication - [logStarted,61] - Started SpringbootApiDemoApplication in 2.286 seconds (JVM running for 3.463)
22:42:08.860 [http-nio-80-exec-1] INFO  o.a.t.u.h.p.Cookie - [log,173] - A cookie header was received [1600259749,1600785882,1601302989; JSESSIONID=c6743070-39fc-4ccf-b743-101adc918182] that contained an invalid cookie. That cookie will be ignored.
 Note: further occurrences of this error will be logged at DEBUG level.
22:42:08.867 [http-nio-80-exec-1] INFO  o.a.c.c.C.[.[.[/] - [log,173] - Initializing Spring DispatcherServlet 'dispatcherServlet'
22:45:04.704 [main] INFO  c.d.SpringbootApiDemoApplication - [logStarting,55] - Starting SpringbootApiDemoApplication on DESKTOP-GA1KGN2 with PID 6624 (F:\idea-workspace\springboot-api-demo\target\classes started by 86150 in F:\idea-workspace\springboot-api-demo)
22:45:04.707 [main] INFO  c.d.SpringbootApiDemoApplication - [logStartupProfileInfo,651] - No active profile set, falling back to default profiles: default
22:45:06.002 [main] INFO  o.a.c.h.Http11NioProtocol - [log,173] - Initializing ProtocolHandler ["http-nio-80"]
22:45:06.003 [main] INFO  o.a.c.c.StandardService - [log,173] - Starting service [Tomcat]
22:45:06.003 [main] INFO  o.a.c.c.StandardEngine - [log,173] - Starting Servlet engine: [Apache Tomcat/9.0.33]
22:45:06.092 [main] INFO  o.a.c.c.C.[.[.[/] - [log,173] - Initializing Spring embedded WebApplicationContext
22:45:06.835 [main] INFO  o.a.c.h.Http11NioProtocol - [log,173] - Starting ProtocolHandler ["http-nio-80"]
22:45:06.865 [main] INFO  c.d.SpringbootApiDemoApplication - [logStarted,61] - Started SpringbootApiDemoApplication in 2.611 seconds (JVM running for 3.666)
22:45:11.041 [http-nio-80-exec-2] INFO  o.a.t.u.h.p.Cookie - [log,173] - A cookie header was received [1600259749,1600785882,1601302989; JSESSIONID=c6743070-39fc-4ccf-b743-101adc918182] that contained an invalid cookie. That cookie will be ignored.
 Note: further occurrences of this error will be logged at DEBUG level.
22:45:11.048 [http-nio-80-exec-2] INFO  o.a.c.c.C.[.[.[/] - [log,173] - Initializing Spring DispatcherServlet 'dispatcherServlet'
22:49:30.446 [main] INFO  c.d.SpringbootApiDemoApplication - [logStarting,55] - Starting SpringbootApiDemoApplication on DESKTOP-GA1KGN2 with PID 15984 (F:\idea-workspace\springboot-api-demo\target\classes started by 86150 in F:\idea-workspace\springboot-api-demo)
22:49:30.452 [main] INFO  c.d.SpringbootApiDemoApplication - [logStartupProfileInfo,651] - No active profile set, falling back to default profiles: default
22:49:31.576 [main] INFO  o.a.c.h.Http11NioProtocol - [log,173] - Initializing ProtocolHandler ["http-nio-80"]
22:49:31.577 [main] INFO  o.a.c.c.StandardService - [log,173] - Starting service [Tomcat]
22:49:31.577 [main] INFO  o.a.c.c.StandardEngine - [log,173] - Starting Servlet engine: [Apache Tomcat/9.0.33]
22:49:31.675 [main] INFO  o.a.c.c.C.[.[.[/] - [log,173] - Initializing Spring embedded WebApplicationContext
22:49:32.316 [main] INFO  o.a.c.h.Http11NioProtocol - [log,173] - Starting ProtocolHandler ["http-nio-80"]
22:49:32.339 [main] INFO  c.d.SpringbootApiDemoApplication - [logStarted,61] - Started SpringbootApiDemoApplication in 2.319 seconds (JVM running for 3.387)
22:49:39.422 [http-nio-80-exec-1] INFO  o.a.t.u.h.p.Cookie - [log,173] - A cookie header was received [1600259749,1600785882,1601302989; JSESSIONID=c6743070-39fc-4ccf-b743-101adc918182] that contained an invalid cookie. That cookie will be ignored.
 Note: further occurrences of this error will be logged at DEBUG level.
22:49:39.428 [http-nio-80-exec-1] INFO  o.a.c.c.C.[.[.[/] - [log,173] - Initializing Spring DispatcherServlet 'dispatcherServlet'
23:02:22.858 [main] INFO  c.d.SpringbootApiDemoApplication - [logStarting,55] - Starting SpringbootApiDemoApplication on DESKTOP-GA1KGN2 with PID 3816 (F:\idea-workspace\springboot-api-demo\target\classes started by 86150 in F:\idea-workspace\springboot-api-demo)
23:02:22.863 [main] INFO  c.d.SpringbootApiDemoApplication - [logStartupProfileInfo,651] - No active profile set, falling back to default profiles: default
23:02:23.964 [main] INFO  o.a.c.h.Http11NioProtocol - [log,173] - Initializing ProtocolHandler ["http-nio-80"]
23:02:23.964 [main] INFO  o.a.c.c.StandardService - [log,173] - Starting service [Tomcat]
23:02:23.964 [main] INFO  o.a.c.c.StandardEngine - [log,173] - Starting Servlet engine: [Apache Tomcat/9.0.33]
23:02:24.056 [main] INFO  o.a.c.c.C.[.[.[/] - [log,173] - Initializing Spring embedded WebApplicationContext
23:02:24.731 [main] INFO  o.a.c.h.Http11NioProtocol - [log,173] - Starting ProtocolHandler ["http-nio-80"]
23:02:24.756 [main] INFO  c.d.SpringbootApiDemoApplication - [logStarted,61] - Started SpringbootApiDemoApplication in 2.319 seconds (JVM running for 3.347)
23:02:40.697 [http-nio-80-exec-1] INFO  o.a.t.u.h.p.Cookie - [log,173] - A cookie header was received [1600259749,1600785882,1601302989; JSESSIONID=c6743070-39fc-4ccf-b743-101adc918182] that contained an invalid cookie. That cookie will be ignored.
 Note: further occurrences of this error will be logged at DEBUG level.
23:02:40.704 [http-nio-80-exec-1] INFO  o.a.c.c.C.[.[.[/] - [log,173] - Initializing Spring DispatcherServlet 'dispatcherServlet'
23:11:04.406 [main] INFO  c.d.SpringbootApiDemoApplication - [logStarting,55] - Starting SpringbootApiDemoApplication on DESKTOP-GA1KGN2 with PID 22760 (F:\idea-workspace\springboot-api-demo\target\classes started by 86150 in F:\idea-workspace\springboot-api-demo)
23:11:04.411 [main] INFO  c.d.SpringbootApiDemoApplication - [logStartupProfileInfo,651] - No active profile set, falling back to default profiles: default
23:11:05.482 [main] INFO  o.a.c.h.Http11NioProtocol - [log,173] - Initializing ProtocolHandler ["http-nio-80"]
23:11:05.483 [main] INFO  o.a.c.c.StandardService - [log,173] - Starting service [Tomcat]
23:11:05.483 [main] INFO  o.a.c.c.StandardEngine - [log,173] - Starting Servlet engine: [Apache Tomcat/9.0.33]
23:11:05.569 [main] INFO  o.a.c.c.C.[.[.[/] - [log,173] - Initializing Spring embedded WebApplicationContext
23:11:06.236 [main] INFO  o.a.c.h.Http11NioProtocol - [log,173] - Starting ProtocolHandler ["http-nio-80"]
23:11:06.260 [main] INFO  c.d.SpringbootApiDemoApplication - [logStarted,61] - Started SpringbootApiDemoApplication in 2.304 seconds (JVM running for 3.341)
23:11:10.330 [http-nio-80-exec-1] INFO  o.a.t.u.h.p.Cookie - [log,173] - A cookie header was received [1600259749,1600785882,1601302989; JSESSIONID=c6743070-39fc-4ccf-b743-101adc918182] that contained an invalid cookie. That cookie will be ignored.
 Note: further occurrences of this error will be logged at DEBUG level.
23:11:10.336 [http-nio-80-exec-1] INFO  o.a.c.c.C.[.[.[/] - [log,173] - Initializing Spring DispatcherServlet 'dispatcherServlet'
23:15:49.810 [main] INFO  c.d.SpringbootApiDemoApplication - [logStarting,55] - Starting SpringbootApiDemoApplication on DESKTOP-GA1KGN2 with PID 2708 (F:\idea-workspace\springboot-api-demo\target\classes started by 86150 in F:\idea-workspace\springboot-api-demo)
23:15:49.814 [main] INFO  c.d.SpringbootApiDemoApplication - [logStartupProfileInfo,651] - No active profile set, falling back to default profiles: default
23:15:50.913 [main] INFO  o.a.c.h.Http11NioProtocol - [log,173] - Initializing ProtocolHandler ["http-nio-80"]
23:15:50.914 [main] INFO  o.a.c.c.StandardService - [log,173] - Starting service [Tomcat]
23:15:50.914 [main] INFO  o.a.c.c.StandardEngine - [log,173] - Starting Servlet engine: [Apache Tomcat/9.0.33]
23:15:51.002 [main] INFO  o.a.c.c.C.[.[.[/] - [log,173] - Initializing Spring embedded WebApplicationContext
23:15:51.675 [main] INFO  o.a.c.h.Http11NioProtocol - [log,173] - Starting ProtocolHandler ["http-nio-80"]
23:15:51.697 [main] INFO  c.d.SpringbootApiDemoApplication - [logStarted,61] - Started SpringbootApiDemoApplication in 2.345 seconds (JVM running for 3.385)
23:15:58.036 [http-nio-80-exec-1] INFO  o.a.t.u.h.p.Cookie - [log,173] - A cookie header was received [1600259749,1600785882,1601302989; JSESSIONID=c6743070-39fc-4ccf-b743-101adc918182] that contained an invalid cookie. That cookie will be ignored.
 Note: further occurrences of this error will be logged at DEBUG level.
23:15:58.042 [http-nio-80-exec-1] INFO  o.a.c.c.C.[.[.[/] - [log,173] - Initializing Spring DispatcherServlet 'dispatcherServlet'
